<?xml version="1.0" encoding="UTF-8"?>
<testsuite xmlns:xsi="http://www.w3.org/2001/XMLSchema-instance" xsi:noNamespaceSchemaLocation="https://maven.apache.org/surefire/maven-surefire-plugin/xsd/surefire-test-report.xsd" name="GestorProductosTest" time="0.176" tests="5" errors="0" skipped="0" failures="0">
  <properties>
[...]
</properties>
  <testcase name="testActualizarProductoInexistente" classname="GestorProductosTest" time="0.03"/>
  <testcase name="testEliminarProductoValido" classname="GestorProductosTest" time="0.058"/>
  <testcase name="testAgregarProductoValido" classname="GestorProductosTest" time="0.002"/>
  <testcase name="testActualizarPrecioValido" classname="GestorProductosTest" time="0.004"/>
  <testcase name="testAgregarProductoInvalido" classname="GestorProductosTest" time="0.002"/>
</testsuite>